============================= test session starts ==============================
platform linux -- Python 3.10.10, pytest-7.3.1, pluggy-1.0.0
rootdir: /home/seuronao/Documents/Equation Solver-04-24-2023-03-36-22/B3nedito
collected 20 items

test_grau_1.py FFFFFFF                                                   [ 35%]
test_grau_2.py FFFFFFFF                                                  [ 75%]
test_grau_invalido.py FFFFF                                              [100%]

=================================== FAILURES ===================================
________________ test_grau_1_a_0[test_input0-expected_output0] _________________

monkeypatch = <_pytest.monkeypatch.MonkeyPatch object at 0x7fdc07642080>
test_input = ['1', '0']
expected_output = ['A equação é do primeiro grau', 'Valor de a inválido']

    @pytest.mark.parametrize(
        "test_input, expected_output",
        [
            (["1", "0"], ["A equação é do primeiro grau", "Valor de a inválido"]),
        ],
    )
    def test_grau_1_a_0(monkeypatch: MonkeyPatch, test_input: list[str], expected_output: str):
        mocked_input = lambda prompt="": test_input.pop(0)
    
        mocked_stdout = io.StringIO()
    
        with monkeypatch.context() as m:
            m.setattr(builtins, "input", mocked_input)
            m.setattr(sys, "stdout", mocked_stdout)
    
            sys.modules.pop("main", None)
            importlib.import_module(name="main", package="files")
    
        for output in expected_output:
>           assert output in mocked_stdout.getvalue().strip()
E           AssertionError: assert 'A equação é do primeiro grau' in ''
E            +  where '' = <built-in method strip of str object at 0x7fdc08724030>()
E            +    where <built-in method strip of str object at 0x7fdc08724030> = ''.strip
E            +      where '' = <built-in method getvalue of _io.StringIO object at 0x7fdc07666440>()
E            +        where <built-in method getvalue of _io.StringIO object at 0x7fdc07666440> = <_io.StringIO object at 0x7fdc07666440>.getvalue

test_grau_1.py:29: AssertionError
__________________ test_grau_1[test_input0-expected_output0] ___________________

monkeypatch = <_pytest.monkeypatch.MonkeyPatch object at 0x7fdc07692560>
test_input = ['1', '1', '0']
expected_output = ['A equação é do primeiro grau', '0.00']

    @pytest.mark.parametrize(
        "test_input, expected_output",
        [
            (["1", "1", "0"], ["A equação é do primeiro grau", "0.00"]),
            (["1", "2", "0"], ["A equação é do primeiro grau", "0.00"]),
            (["1", "10", "0"], ["A equação é do primeiro grau", "0.00"]),
            (["1", "1", "-5"], ["A equação é do primeiro grau", "5.00"]),
            (["1", "2", "4"], ["A equação é do primeiro grau", "-2.00"]),
            (["1", "2", "-4"], ["A equação é do primeiro grau", "2.00"]),
        ],
    )
    def test_grau_1(monkeypatch: MonkeyPatch, test_input: list[str], expected_output: list[str]):
        mocked_input = lambda prompt="": test_input.pop(0)
    
        mocked_stdout = io.StringIO()
    
        with monkeypatch.context() as m:
            m.setattr(builtins, "input", mocked_input)
            m.setattr(sys, "stdout", mocked_stdout)
    
            sys.modules.pop("main", None)
            importlib.import_module(name="main", package="files")
    
        for output in expected_output:
>           assert output in mocked_stdout.getvalue().strip()
E           AssertionError: assert 'A equação é do primeiro grau' in ''
E            +  where '' = <built-in method strip of str object at 0x7fdc08724030>()
E            +    where <built-in method strip of str object at 0x7fdc08724030> = ''.strip
E            +      where '' = <built-in method getvalue of _io.StringIO object at 0x7fdc07667010>()
E            +        where <built-in method getvalue of _io.StringIO object at 0x7fdc07667010> = <_io.StringIO object at 0x7fdc07667010>.getvalue

test_grau_1.py:56: AssertionError
__________________ test_grau_1[test_input1-expected_output1] ___________________

monkeypatch = <_pytest.monkeypatch.MonkeyPatch object at 0x7fdc076432e0>
test_input = ['1', '2', '0']
expected_output = ['A equação é do primeiro grau', '0.00']

    @pytest.mark.parametrize(
        "test_input, expected_output",
        [
            (["1", "1", "0"], ["A equação é do primeiro grau", "0.00"]),
            (["1", "2", "0"], ["A equação é do primeiro grau", "0.00"]),
            (["1", "10", "0"], ["A equação é do primeiro grau", "0.00"]),
            (["1", "1", "-5"], ["A equação é do primeiro grau", "5.00"]),
            (["1", "2", "4"], ["A equação é do primeiro grau", "-2.00"]),
            (["1", "2", "-4"], ["A equação é do primeiro grau", "2.00"]),
        ],
    )
    def test_grau_1(monkeypatch: MonkeyPatch, test_input: list[str], expected_output: list[str]):
        mocked_input = lambda prompt="": test_input.pop(0)
    
        mocked_stdout = io.StringIO()
    
        with monkeypatch.context() as m:
            m.setattr(builtins, "input", mocked_input)
            m.setattr(sys, "stdout", mocked_stdout)
    
            sys.modules.pop("main", None)
            importlib.import_module(name="main", package="files")
    
        for output in expected_output:
>           assert output in mocked_stdout.getvalue().strip()
E           AssertionError: assert 'A equação é do primeiro grau' in ''
E            +  where '' = <built-in method strip of str object at 0x7fdc08724030>()
E            +    where <built-in method strip of str object at 0x7fdc08724030> = ''.strip
E            +      where '' = <built-in method getvalue of _io.StringIO object at 0x7fdc07667130>()
E            +        where <built-in method getvalue of _io.StringIO object at 0x7fdc07667130> = <_io.StringIO object at 0x7fdc07667130>.getvalue

test_grau_1.py:56: AssertionError
__________________ test_grau_1[test_input2-expected_output2] ___________________

monkeypatch = <_pytest.monkeypatch.MonkeyPatch object at 0x7fdc07643070>
test_input = ['1', '10', '0']
expected_output = ['A equação é do primeiro grau', '0.00']

    @pytest.mark.parametrize(
        "test_input, expected_output",
        [
            (["1", "1", "0"], ["A equação é do primeiro grau", "0.00"]),
            (["1", "2", "0"], ["A equação é do primeiro grau", "0.00"]),
            (["1", "10", "0"], ["A equação é do primeiro grau", "0.00"]),
            (["1", "1", "-5"], ["A equação é do primeiro grau", "5.00"]),
            (["1", "2", "4"], ["A equação é do primeiro grau", "-2.00"]),
            (["1", "2", "-4"], ["A equação é do primeiro grau", "2.00"]),
        ],
    )
    def test_grau_1(monkeypatch: MonkeyPatch, test_input: list[str], expected_output: list[str]):
        mocked_input = lambda prompt="": test_input.pop(0)
    
        mocked_stdout = io.StringIO()
    
        with monkeypatch.context() as m:
            m.setattr(builtins, "input", mocked_input)
            m.setattr(sys, "stdout", mocked_stdout)
    
            sys.modules.pop("main", None)
            importlib.import_module(name="main", package="files")
    
        for output in expected_output:
>           assert output in mocked_stdout.getvalue().strip()
E           AssertionError: assert 'A equação é do primeiro grau' in ''
E            +  where '' = <built-in method strip of str object at 0x7fdc08724030>()
E            +    where <built-in method strip of str object at 0x7fdc08724030> = ''.strip
E            +      where '' = <built-in method getvalue of _io.StringIO object at 0x7fdc07667880>()
E            +        where <built-in method getvalue of _io.StringIO object at 0x7fdc07667880> = <_io.StringIO object at 0x7fdc07667880>.getvalue

test_grau_1.py:56: AssertionError
__________________ test_grau_1[test_input3-expected_output3] ___________________

monkeypatch = <_pytest.monkeypatch.MonkeyPatch object at 0x7fdc07643bb0>
test_input = ['1', '1', '-5']
expected_output = ['A equação é do primeiro grau', '5.00']

    @pytest.mark.parametrize(
        "test_input, expected_output",
        [
            (["1", "1", "0"], ["A equação é do primeiro grau", "0.00"]),
            (["1", "2", "0"], ["A equação é do primeiro grau", "0.00"]),
            (["1", "10", "0"], ["A equação é do primeiro grau", "0.00"]),
            (["1", "1", "-5"], ["A equação é do primeiro grau", "5.00"]),
            (["1", "2", "4"], ["A equação é do primeiro grau", "-2.00"]),
            (["1", "2", "-4"], ["A equação é do primeiro grau", "2.00"]),
        ],
    )
    def test_grau_1(monkeypatch: MonkeyPatch, test_input: list[str], expected_output: list[str]):
        mocked_input = lambda prompt="": test_input.pop(0)
    
        mocked_stdout = io.StringIO()
    
        with monkeypatch.context() as m:
            m.setattr(builtins, "input", mocked_input)
            m.setattr(sys, "stdout", mocked_stdout)
    
            sys.modules.pop("main", None)
            importlib.import_module(name="main", package="files")
    
        for output in expected_output:
>           assert output in mocked_stdout.getvalue().strip()
E           AssertionError: assert 'A equação é do primeiro grau' in ''
E            +  where '' = <built-in method strip of str object at 0x7fdc08724030>()
E            +    where <built-in method strip of str object at 0x7fdc08724030> = ''.strip
E            +      where '' = <built-in method getvalue of _io.StringIO object at 0x7fdc076677f0>()
E            +        where <built-in method getvalue of _io.StringIO object at 0x7fdc076677f0> = <_io.StringIO object at 0x7fdc076677f0>.getvalue

test_grau_1.py:56: AssertionError
__________________ test_grau_1[test_input4-expected_output4] ___________________

monkeypatch = <_pytest.monkeypatch.MonkeyPatch object at 0x7fdc07691450>
test_input = ['1', '2', '4']
expected_output = ['A equação é do primeiro grau', '-2.00']

    @pytest.mark.parametrize(
        "test_input, expected_output",
        [
            (["1", "1", "0"], ["A equação é do primeiro grau", "0.00"]),
            (["1", "2", "0"], ["A equação é do primeiro grau", "0.00"]),
            (["1", "10", "0"], ["A equação é do primeiro grau", "0.00"]),
            (["1", "1", "-5"], ["A equação é do primeiro grau", "5.00"]),
            (["1", "2", "4"], ["A equação é do primeiro grau", "-2.00"]),
            (["1", "2", "-4"], ["A equação é do primeiro grau", "2.00"]),
        ],
    )
    def test_grau_1(monkeypatch: MonkeyPatch, test_input: list[str], expected_output: list[str]):
        mocked_input = lambda prompt="": test_input.pop(0)
    
        mocked_stdout = io.StringIO()
    
        with monkeypatch.context() as m:
            m.setattr(builtins, "input", mocked_input)
            m.setattr(sys, "stdout", mocked_stdout)
    
            sys.modules.pop("main", None)
            importlib.import_module(name="main", package="files")
    
        for output in expected_output:
>           assert output in mocked_stdout.getvalue().strip()
E           AssertionError: assert 'A equação é do primeiro grau' in ''
E            +  where '' = <built-in method strip of str object at 0x7fdc08724030>()
E            +    where <built-in method strip of str object at 0x7fdc08724030> = ''.strip
E            +      where '' = <built-in method getvalue of _io.StringIO object at 0x7fdc07667910>()
E            +        where <built-in method getvalue of _io.StringIO object at 0x7fdc07667910> = <_io.StringIO object at 0x7fdc07667910>.getvalue

test_grau_1.py:56: AssertionError
__________________ test_grau_1[test_input5-expected_output5] ___________________

monkeypatch = <_pytest.monkeypatch.MonkeyPatch object at 0x7fdc077d4610>
test_input = ['1', '2', '-4']
expected_output = ['A equação é do primeiro grau', '2.00']

    @pytest.mark.parametrize(
        "test_input, expected_output",
        [
            (["1", "1", "0"], ["A equação é do primeiro grau", "0.00"]),
            (["1", "2", "0"], ["A equação é do primeiro grau", "0.00"]),
            (["1", "10", "0"], ["A equação é do primeiro grau", "0.00"]),
            (["1", "1", "-5"], ["A equação é do primeiro grau", "5.00"]),
            (["1", "2", "4"], ["A equação é do primeiro grau", "-2.00"]),
            (["1", "2", "-4"], ["A equação é do primeiro grau", "2.00"]),
        ],
    )
    def test_grau_1(monkeypatch: MonkeyPatch, test_input: list[str], expected_output: list[str]):
        mocked_input = lambda prompt="": test_input.pop(0)
    
        mocked_stdout = io.StringIO()
    
        with monkeypatch.context() as m:
            m.setattr(builtins, "input", mocked_input)
            m.setattr(sys, "stdout", mocked_stdout)
    
            sys.modules.pop("main", None)
            importlib.import_module(name="main", package="files")
    
        for output in expected_output:
>           assert output in mocked_stdout.getvalue().strip()
E           AssertionError: assert 'A equação é do primeiro grau' in ''
E            +  where '' = <built-in method strip of str object at 0x7fdc08724030>()
E            +    where <built-in method strip of str object at 0x7fdc08724030> = ''.strip
E            +      where '' = <built-in method getvalue of _io.StringIO object at 0x7fdc07667eb0>()
E            +        where <built-in method getvalue of _io.StringIO object at 0x7fdc07667eb0> = <_io.StringIO object at 0x7fdc07667eb0>.getvalue

test_grau_1.py:56: AssertionError
________________ test_grau_2_a_0[test_input0-expected_output0] _________________

monkeypatch = <_pytest.monkeypatch.MonkeyPatch object at 0x7fdc07692a10>
test_input = ['2', '0']
expected_output = ['A equação é do segundo grau', 'Valor de a inválido']

    @pytest.mark.parametrize(
        "test_input, expected_output",
        [
            (["2", "0"], ["A equação é do segundo grau", "Valor de a inválido"]),
        ],
    )
    def test_grau_2_a_0(monkeypatch: MonkeyPatch, test_input: list[str], expected_output: list[str]):
        mocked_input = lambda prompt="": test_input.pop(0)
    
        mocked_stdout = io.StringIO()
    
        with monkeypatch.context() as m:
            m.setattr(builtins, "input", mocked_input)
            m.setattr(sys, "stdout", mocked_stdout)
    
            sys.modules.pop("main", None)
            importlib.import_module(name="main", package="files")
    
        for output in expected_output:
>           assert output in mocked_stdout.getvalue().strip()
E           AssertionError: assert 'A equação é do segundo grau' in ''
E            +  where '' = <built-in method strip of str object at 0x7fdc08724030>()
E            +    where <built-in method strip of str object at 0x7fdc08724030> = ''.strip
E            +      where '' = <built-in method getvalue of _io.StringIO object at 0x7fdc076c01f0>()
E            +        where <built-in method getvalue of _io.StringIO object at 0x7fdc076c01f0> = <_io.StringIO object at 0x7fdc076c01f0>.getvalue

test_grau_2.py:29: AssertionError
__________________ test_grau_2[test_input0-expected_output0] ___________________

monkeypatch = <_pytest.monkeypatch.MonkeyPatch object at 0x7fdc077d4c70>
test_input = ['2', '1', '0', '0']
expected_output = ['A equação é do segundo grau', 'A equação possui apenas uma raiz real', '0.00']

    @pytest.mark.parametrize(
        "test_input, expected_output",
        [
            (["2", "1", "0", "0"], ["A equação é do segundo grau",
                                    "A equação possui apenas uma raiz real", "0.00"]),
            (["2", "1", "0", "1"], ["A equação é do segundo grau",
                                    "A equação não possui raízes reais"]),
            (["2", "1", "0", "-1"], ["A equação é do segundo grau",
                                     "A equação possui duas raízes reais", "-1.00", "1.00"]),
            (["2", "1", "1", "0"], ["A equação é do segundo grau",
                                    "A equação possui duas raízes reais", "-1.00", "0.00"]),
            (["2", "1", "1", "1"], ["A equação é do segundo grau",
                                    "A equação não possui raízes reais"]),
            (["2", "1", "2", "0"], ["A equação é do segundo grau",
                                    "A equação possui duas raízes reais", "-2.00", "0.00"]),
            (["2", "2", "0", "0"], ["A equação é do segundo grau",
                                    "A equação possui apenas uma raiz real", "0.00"]),
        ]
    )
    def test_grau_2(monkeypatch: MonkeyPatch, test_input: list[str], expected_output: list[str]):
        mocked_input = lambda prompt="": test_input.pop(0)
    
        mocked_stdout = io.StringIO()
    
        with monkeypatch.context() as m:
            m.setattr(builtins, "input", mocked_input)
            m.setattr(sys, "stdout", mocked_stdout)
    
            sys.modules.pop("main", None)
            importlib.import_module(name="main", package="files")
    
        for output in expected_output:
>           assert output in mocked_stdout.getvalue().strip()
E           AssertionError: assert 'A equação é do segundo grau' in ''
E            +  where '' = <built-in method strip of str object at 0x7fdc08724030>()
E            +    where <built-in method strip of str object at 0x7fdc08724030> = ''.strip
E            +      where '' = <built-in method getvalue of _io.StringIO object at 0x7fdc076c0af0>()
E            +        where <built-in method getvalue of _io.StringIO object at 0x7fdc076c0af0> = <_io.StringIO object at 0x7fdc076c0af0>.getvalue

test_grau_2.py:64: AssertionError
__________________ test_grau_2[test_input1-expected_output1] ___________________

monkeypatch = <_pytest.monkeypatch.MonkeyPatch object at 0x7fdc076c8970>
test_input = ['2', '1', '0', '1']
expected_output = ['A equação é do segundo grau', 'A equação não possui raízes reais']

    @pytest.mark.parametrize(
        "test_input, expected_output",
        [
            (["2", "1", "0", "0"], ["A equação é do segundo grau",
                                    "A equação possui apenas uma raiz real", "0.00"]),
            (["2", "1", "0", "1"], ["A equação é do segundo grau",
                                    "A equação não possui raízes reais"]),
            (["2", "1", "0", "-1"], ["A equação é do segundo grau",
                                     "A equação possui duas raízes reais", "-1.00", "1.00"]),
            (["2", "1", "1", "0"], ["A equação é do segundo grau",
                                    "A equação possui duas raízes reais", "-1.00", "0.00"]),
            (["2", "1", "1", "1"], ["A equação é do segundo grau",
                                    "A equação não possui raízes reais"]),
            (["2", "1", "2", "0"], ["A equação é do segundo grau",
                                    "A equação possui duas raízes reais", "-2.00", "0.00"]),
            (["2", "2", "0", "0"], ["A equação é do segundo grau",
                                    "A equação possui apenas uma raiz real", "0.00"]),
        ]
    )
    def test_grau_2(monkeypatch: MonkeyPatch, test_input: list[str], expected_output: list[str]):
        mocked_input = lambda prompt="": test_input.pop(0)
    
        mocked_stdout = io.StringIO()
    
        with monkeypatch.context() as m:
            m.setattr(builtins, "input", mocked_input)
            m.setattr(sys, "stdout", mocked_stdout)
    
            sys.modules.pop("main", None)
            importlib.import_module(name="main", package="files")
    
        for output in expected_output:
>           assert output in mocked_stdout.getvalue().strip()
E           AssertionError: assert 'A equação é do segundo grau' in ''
E            +  where '' = <built-in method strip of str object at 0x7fdc08724030>()
E            +    where <built-in method strip of str object at 0x7fdc08724030> = ''.strip
E            +      where '' = <built-in method getvalue of _io.StringIO object at 0x7fdc076c1360>()
E            +        where <built-in method getvalue of _io.StringIO object at 0x7fdc076c1360> = <_io.StringIO object at 0x7fdc076c1360>.getvalue

test_grau_2.py:64: AssertionError
__________________ test_grau_2[test_input2-expected_output2] ___________________

monkeypatch = <_pytest.monkeypatch.MonkeyPatch object at 0x7fdc076c89d0>
test_input = ['2', '1', '0', '-1']
expected_output = ['A equação é do segundo grau', 'A equação possui duas raízes reais', '-1.00', '1.00']

    @pytest.mark.parametrize(
        "test_input, expected_output",
        [
            (["2", "1", "0", "0"], ["A equação é do segundo grau",
                                    "A equação possui apenas uma raiz real", "0.00"]),
            (["2", "1", "0", "1"], ["A equação é do segundo grau",
                                    "A equação não possui raízes reais"]),
            (["2", "1", "0", "-1"], ["A equação é do segundo grau",
                                     "A equação possui duas raízes reais", "-1.00", "1.00"]),
            (["2", "1", "1", "0"], ["A equação é do segundo grau",
                                    "A equação possui duas raízes reais", "-1.00", "0.00"]),
            (["2", "1", "1", "1"], ["A equação é do segundo grau",
                                    "A equação não possui raízes reais"]),
            (["2", "1", "2", "0"], ["A equação é do segundo grau",
                                    "A equação possui duas raízes reais", "-2.00", "0.00"]),
            (["2", "2", "0", "0"], ["A equação é do segundo grau",
                                    "A equação possui apenas uma raiz real", "0.00"]),
        ]
    )
    def test_grau_2(monkeypatch: MonkeyPatch, test_input: list[str], expected_output: list[str]):
        mocked_input = lambda prompt="": test_input.pop(0)
    
        mocked_stdout = io.StringIO()
    
        with monkeypatch.context() as m:
            m.setattr(builtins, "input", mocked_input)
            m.setattr(sys, "stdout", mocked_stdout)
    
            sys.modules.pop("main", None)
            importlib.import_module(name="main", package="files")
    
        for output in expected_output:
>           assert output in mocked_stdout.getvalue().strip()
E           AssertionError: assert 'A equação é do segundo grau' in ''
E            +  where '' = <built-in method strip of str object at 0x7fdc08724030>()
E            +    where <built-in method strip of str object at 0x7fdc08724030> = ''.strip
E            +      where '' = <built-in method getvalue of _io.StringIO object at 0x7fdc076c1ab0>()
E            +        where <built-in method getvalue of _io.StringIO object at 0x7fdc076c1ab0> = <_io.StringIO object at 0x7fdc076c1ab0>.getvalue

test_grau_2.py:64: AssertionError
__________________ test_grau_2[test_input3-expected_output3] ___________________

monkeypatch = <_pytest.monkeypatch.MonkeyPatch object at 0x7fdc076ca740>
test_input = ['2', '1', '1', '0']
expected_output = ['A equação é do segundo grau', 'A equação possui duas raízes reais', '-1.00', '0.00']

    @pytest.mark.parametrize(
        "test_input, expected_output",
        [
            (["2", "1", "0", "0"], ["A equação é do segundo grau",
                                    "A equação possui apenas uma raiz real", "0.00"]),
            (["2", "1", "0", "1"], ["A equação é do segundo grau",
                                    "A equação não possui raízes reais"]),
            (["2", "1", "0", "-1"], ["A equação é do segundo grau",
                                     "A equação possui duas raízes reais", "-1.00", "1.00"]),
            (["2", "1", "1", "0"], ["A equação é do segundo grau",
                                    "A equação possui duas raízes reais", "-1.00", "0.00"]),
            (["2", "1", "1", "1"], ["A equação é do segundo grau",
                                    "A equação não possui raízes reais"]),
            (["2", "1", "2", "0"], ["A equação é do segundo grau",
                                    "A equação possui duas raízes reais", "-2.00", "0.00"]),
            (["2", "2", "0", "0"], ["A equação é do segundo grau",
                                    "A equação possui apenas uma raiz real", "0.00"]),
        ]
    )
    def test_grau_2(monkeypatch: MonkeyPatch, test_input: list[str], expected_output: list[str]):
        mocked_input = lambda prompt="": test_input.pop(0)
    
        mocked_stdout = io.StringIO()
    
        with monkeypatch.context() as m:
            m.setattr(builtins, "input", mocked_input)
            m.setattr(sys, "stdout", mocked_stdout)
    
            sys.modules.pop("main", None)
            importlib.import_module(name="main", package="files")
    
        for output in expected_output:
>           assert output in mocked_stdout.getvalue().strip()
E           AssertionError: assert 'A equação é do segundo grau' in ''
E            +  where '' = <built-in method strip of str object at 0x7fdc08724030>()
E            +    where <built-in method strip of str object at 0x7fdc08724030> = ''.strip
E            +      where '' = <built-in method getvalue of _io.StringIO object at 0x7fdc076c2290>()
E            +        where <built-in method getvalue of _io.StringIO object at 0x7fdc076c2290> = <_io.StringIO object at 0x7fdc076c2290>.getvalue

test_grau_2.py:64: AssertionError
__________________ test_grau_2[test_input4-expected_output4] ___________________

monkeypatch = <_pytest.monkeypatch.MonkeyPatch object at 0x7fdc076c9f30>
test_input = ['2', '1', '1', '1']
expected_output = ['A equação é do segundo grau', 'A equação não possui raízes reais']

    @pytest.mark.parametrize(
        "test_input, expected_output",
        [
            (["2", "1", "0", "0"], ["A equação é do segundo grau",
                                    "A equação possui apenas uma raiz real", "0.00"]),
            (["2", "1", "0", "1"], ["A equação é do segundo grau",
                                    "A equação não possui raízes reais"]),
            (["2", "1", "0", "-1"], ["A equação é do segundo grau",
                                     "A equação possui duas raízes reais", "-1.00", "1.00"]),
            (["2", "1", "1", "0"], ["A equação é do segundo grau",
                                    "A equação possui duas raízes reais", "-1.00", "0.00"]),
            (["2", "1", "1", "1"], ["A equação é do segundo grau",
                                    "A equação não possui raízes reais"]),
            (["2", "1", "2", "0"], ["A equação é do segundo grau",
                                    "A equação possui duas raízes reais", "-2.00", "0.00"]),
            (["2", "2", "0", "0"], ["A equação é do segundo grau",
                                    "A equação possui apenas uma raiz real", "0.00"]),
        ]
    )
    def test_grau_2(monkeypatch: MonkeyPatch, test_input: list[str], expected_output: list[str]):
        mocked_input = lambda prompt="": test_input.pop(0)
    
        mocked_stdout = io.StringIO()
    
        with monkeypatch.context() as m:
            m.setattr(builtins, "input", mocked_input)
            m.setattr(sys, "stdout", mocked_stdout)
    
            sys.modules.pop("main", None)
            importlib.import_module(name="main", package="files")
    
        for output in expected_output:
>           assert output in mocked_stdout.getvalue().strip()
E           AssertionError: assert 'A equação é do segundo grau' in ''
E            +  where '' = <built-in method strip of str object at 0x7fdc08724030>()
E            +    where <built-in method strip of str object at 0x7fdc08724030> = ''.strip
E            +      where '' = <built-in method getvalue of _io.StringIO object at 0x7fdc076c29e0>()
E            +        where <built-in method getvalue of _io.StringIO object at 0x7fdc076c29e0> = <_io.StringIO object at 0x7fdc076c29e0>.getvalue

test_grau_2.py:64: AssertionError
__________________ test_grau_2[test_input5-expected_output5] ___________________

monkeypatch = <_pytest.monkeypatch.MonkeyPatch object at 0x7fdc076c8fd0>
test_input = ['2', '1', '2', '0']
expected_output = ['A equação é do segundo grau', 'A equação possui duas raízes reais', '-2.00', '0.00']

    @pytest.mark.parametrize(
        "test_input, expected_output",
        [
            (["2", "1", "0", "0"], ["A equação é do segundo grau",
                                    "A equação possui apenas uma raiz real", "0.00"]),
            (["2", "1", "0", "1"], ["A equação é do segundo grau",
                                    "A equação não possui raízes reais"]),
            (["2", "1", "0", "-1"], ["A equação é do segundo grau",
                                     "A equação possui duas raízes reais", "-1.00", "1.00"]),
            (["2", "1", "1", "0"], ["A equação é do segundo grau",
                                    "A equação possui duas raízes reais", "-1.00", "0.00"]),
            (["2", "1", "1", "1"], ["A equação é do segundo grau",
                                    "A equação não possui raízes reais"]),
            (["2", "1", "2", "0"], ["A equação é do segundo grau",
                                    "A equação possui duas raízes reais", "-2.00", "0.00"]),
            (["2", "2", "0", "0"], ["A equação é do segundo grau",
                                    "A equação possui apenas uma raiz real", "0.00"]),
        ]
    )
    def test_grau_2(monkeypatch: MonkeyPatch, test_input: list[str], expected_output: list[str]):
        mocked_input = lambda prompt="": test_input.pop(0)
    
        mocked_stdout = io.StringIO()
    
        with monkeypatch.context() as m:
            m.setattr(builtins, "input", mocked_input)
            m.setattr(sys, "stdout", mocked_stdout)
    
            sys.modules.pop("main", None)
            importlib.import_module(name="main", package="files")
    
        for output in expected_output:
>           assert output in mocked_stdout.getvalue().strip()
E           AssertionError: assert 'A equação é do segundo grau' in ''
E            +  where '' = <built-in method strip of str object at 0x7fdc08724030>()
E            +    where <built-in method strip of str object at 0x7fdc08724030> = ''.strip
E            +      where '' = <built-in method getvalue of _io.StringIO object at 0x7fdc076c3130>()
E            +        where <built-in method getvalue of _io.StringIO object at 0x7fdc076c3130> = <_io.StringIO object at 0x7fdc076c3130>.getvalue

test_grau_2.py:64: AssertionError
__________________ test_grau_2[test_input6-expected_output6] ___________________

monkeypatch = <_pytest.monkeypatch.MonkeyPatch object at 0x7fdc076cbf10>
test_input = ['2', '2', '0', '0']
expected_output = ['A equação é do segundo grau', 'A equação possui apenas uma raiz real', '0.00']

    @pytest.mark.parametrize(
        "test_input, expected_output",
        [
            (["2", "1", "0", "0"], ["A equação é do segundo grau",
                                    "A equação possui apenas uma raiz real", "0.00"]),
            (["2", "1", "0", "1"], ["A equação é do segundo grau",
                                    "A equação não possui raízes reais"]),
            (["2", "1", "0", "-1"], ["A equação é do segundo grau",
                                     "A equação possui duas raízes reais", "-1.00", "1.00"]),
            (["2", "1", "1", "0"], ["A equação é do segundo grau",
                                    "A equação possui duas raízes reais", "-1.00", "0.00"]),
            (["2", "1", "1", "1"], ["A equação é do segundo grau",
                                    "A equação não possui raízes reais"]),
            (["2", "1", "2", "0"], ["A equação é do segundo grau",
                                    "A equação possui duas raízes reais", "-2.00", "0.00"]),
            (["2", "2", "0", "0"], ["A equação é do segundo grau",
                                    "A equação possui apenas uma raiz real", "0.00"]),
        ]
    )
    def test_grau_2(monkeypatch: MonkeyPatch, test_input: list[str], expected_output: list[str]):
        mocked_input = lambda prompt="": test_input.pop(0)
    
        mocked_stdout = io.StringIO()
    
        with monkeypatch.context() as m:
            m.setattr(builtins, "input", mocked_input)
            m.setattr(sys, "stdout", mocked_stdout)
    
            sys.modules.pop("main", None)
            importlib.import_module(name="main", package="files")
    
        for output in expected_output:
>           assert output in mocked_stdout.getvalue().strip()
E           AssertionError: assert 'A equação é do segundo grau' in ''
E            +  where '' = <built-in method strip of str object at 0x7fdc08724030>()
E            +    where <built-in method strip of str object at 0x7fdc08724030> = ''.strip
E            +      where '' = <built-in method getvalue of _io.StringIO object at 0x7fdc076c3910>()
E            +        where <built-in method getvalue of _io.StringIO object at 0x7fdc076c3910> = <_io.StringIO object at 0x7fdc076c3910>.getvalue

test_grau_2.py:64: AssertionError
___________________ test_grau_invalido[-1-Grau inv\xe1lido] ____________________

monkeypatch = <_pytest.monkeypatch.MonkeyPatch object at 0x7fdc07642620>
test_input = '-1', expected_output = 'Grau inválido'

    @pytest.mark.parametrize(
        "test_input, expected_output",
        [
            ("-1", "Grau inválido"),
            ("-3", "Grau inválido"),
            ("0", "Grau inválido"),
            ("3", "Grau inválido"),
            ("10", "Grau inválido"),
        ],
    )
    def test_grau_invalido(monkeypatch: MonkeyPatch, test_input: str, expected_output: str):
        mocked_input = lambda prompt="": test_input
        mocked_stdout = io.StringIO()
    
        with monkeypatch.context() as m:
            m.setattr(builtins, "input", mocked_input)
            m.setattr(sys, "stdout", mocked_stdout)
    
            sys.modules.pop("main", None)
            importlib.import_module(name="main", package="files")
    
>       assert expected_output in mocked_stdout.getvalue().strip()
E       AssertionError: assert 'Grau inválido' in ''
E        +  where '' = <built-in method strip of str object at 0x7fdc08724030>()
E        +    where <built-in method strip of str object at 0x7fdc08724030> = ''.strip
E        +      where '' = <built-in method getvalue of _io.StringIO object at 0x7fdc07667be0>()
E        +        where <built-in method getvalue of _io.StringIO object at 0x7fdc07667be0> = <_io.StringIO object at 0x7fdc07667be0>.getvalue

test_grau_invalido.py:31: AssertionError
___________________ test_grau_invalido[-3-Grau inv\xe1lido] ____________________

monkeypatch = <_pytest.monkeypatch.MonkeyPatch object at 0x7fdc076924d0>
test_input = '-3', expected_output = 'Grau inválido'

    @pytest.mark.parametrize(
        "test_input, expected_output",
        [
            ("-1", "Grau inválido"),
            ("-3", "Grau inválido"),
            ("0", "Grau inválido"),
            ("3", "Grau inválido"),
            ("10", "Grau inválido"),
        ],
    )
    def test_grau_invalido(monkeypatch: MonkeyPatch, test_input: str, expected_output: str):
        mocked_input = lambda prompt="": test_input
        mocked_stdout = io.StringIO()
    
        with monkeypatch.context() as m:
            m.setattr(builtins, "input", mocked_input)
            m.setattr(sys, "stdout", mocked_stdout)
    
            sys.modules.pop("main", None)
            importlib.import_module(name="main", package="files")
    
>       assert expected_output in mocked_stdout.getvalue().strip()
E       AssertionError: assert 'Grau inválido' in ''
E        +  where '' = <built-in method strip of str object at 0x7fdc08724030>()
E        +    where <built-in method strip of str object at 0x7fdc08724030> = ''.strip
E        +      where '' = <built-in method getvalue of _io.StringIO object at 0x7fdc07838700>()
E        +        where <built-in method getvalue of _io.StringIO object at 0x7fdc07838700> = <_io.StringIO object at 0x7fdc07838700>.getvalue

test_grau_invalido.py:31: AssertionError
____________________ test_grau_invalido[0-Grau inv\xe1lido] ____________________

monkeypatch = <_pytest.monkeypatch.MonkeyPatch object at 0x7fdc077d4b20>
test_input = '0', expected_output = 'Grau inválido'

    @pytest.mark.parametrize(
        "test_input, expected_output",
        [
            ("-1", "Grau inválido"),
            ("-3", "Grau inválido"),
            ("0", "Grau inválido"),
            ("3", "Grau inválido"),
            ("10", "Grau inválido"),
        ],
    )
    def test_grau_invalido(monkeypatch: MonkeyPatch, test_input: str, expected_output: str):
        mocked_input = lambda prompt="": test_input
        mocked_stdout = io.StringIO()
    
        with monkeypatch.context() as m:
            m.setattr(builtins, "input", mocked_input)
            m.setattr(sys, "stdout", mocked_stdout)
    
            sys.modules.pop("main", None)
            importlib.import_module(name="main", package="files")
    
>       assert expected_output in mocked_stdout.getvalue().strip()
E       AssertionError: assert 'Grau inválido' in ''
E        +  where '' = <built-in method strip of str object at 0x7fdc08724030>()
E        +    where <built-in method strip of str object at 0x7fdc08724030> = ''.strip
E        +      where '' = <built-in method getvalue of _io.StringIO object at 0x7fdc076c1480>()
E        +        where <built-in method getvalue of _io.StringIO object at 0x7fdc076c1480> = <_io.StringIO object at 0x7fdc076c1480>.getvalue

test_grau_invalido.py:31: AssertionError
____________________ test_grau_invalido[3-Grau inv\xe1lido] ____________________

monkeypatch = <_pytest.monkeypatch.MonkeyPatch object at 0x7fdc07642470>
test_input = '3', expected_output = 'Grau inválido'

    @pytest.mark.parametrize(
        "test_input, expected_output",
        [
            ("-1", "Grau inválido"),
            ("-3", "Grau inválido"),
            ("0", "Grau inválido"),
            ("3", "Grau inválido"),
            ("10", "Grau inválido"),
        ],
    )
    def test_grau_invalido(monkeypatch: MonkeyPatch, test_input: str, expected_output: str):
        mocked_input = lambda prompt="": test_input
        mocked_stdout = io.StringIO()
    
        with monkeypatch.context() as m:
            m.setattr(builtins, "input", mocked_input)
            m.setattr(sys, "stdout", mocked_stdout)
    
            sys.modules.pop("main", None)
            importlib.import_module(name="main", package="files")
    
>       assert expected_output in mocked_stdout.getvalue().strip()
E       AssertionError: assert 'Grau inválido' in ''
E        +  where '' = <built-in method strip of str object at 0x7fdc08724030>()
E        +    where <built-in method strip of str object at 0x7fdc08724030> = ''.strip
E        +      where '' = <built-in method getvalue of _io.StringIO object at 0x7fdc076c0a60>()
E        +        where <built-in method getvalue of _io.StringIO object at 0x7fdc076c0a60> = <_io.StringIO object at 0x7fdc076c0a60>.getvalue

test_grau_invalido.py:31: AssertionError
___________________ test_grau_invalido[10-Grau inv\xe1lido] ____________________

monkeypatch = <_pytest.monkeypatch.MonkeyPatch object at 0x7fdc077d5420>
test_input = '10', expected_output = 'Grau inválido'

    @pytest.mark.parametrize(
        "test_input, expected_output",
        [
            ("-1", "Grau inválido"),
            ("-3", "Grau inválido"),
            ("0", "Grau inválido"),
            ("3", "Grau inválido"),
            ("10", "Grau inválido"),
        ],
    )
    def test_grau_invalido(monkeypatch: MonkeyPatch, test_input: str, expected_output: str):
        mocked_input = lambda prompt="": test_input
        mocked_stdout = io.StringIO()
    
        with monkeypatch.context() as m:
            m.setattr(builtins, "input", mocked_input)
            m.setattr(sys, "stdout", mocked_stdout)
    
            sys.modules.pop("main", None)
            importlib.import_module(name="main", package="files")
    
>       assert expected_output in mocked_stdout.getvalue().strip()
E       AssertionError: assert 'Grau inválido' in ''
E        +  where '' = <built-in method strip of str object at 0x7fdc08724030>()
E        +    where <built-in method strip of str object at 0x7fdc08724030> = ''.strip
E        +      where '' = <built-in method getvalue of _io.StringIO object at 0x7fdc076c29e0>()
E        +        where <built-in method getvalue of _io.StringIO object at 0x7fdc076c29e0> = <_io.StringIO object at 0x7fdc076c29e0>.getvalue

test_grau_invalido.py:31: AssertionError
=========================== short test summary info ============================
FAILED test_grau_1.py::test_grau_1_a_0[test_input0-expected_output0] - Assert...
FAILED test_grau_1.py::test_grau_1[test_input0-expected_output0] - AssertionE...
FAILED test_grau_1.py::test_grau_1[test_input1-expected_output1] - AssertionE...
FAILED test_grau_1.py::test_grau_1[test_input2-expected_output2] - AssertionE...
FAILED test_grau_1.py::test_grau_1[test_input3-expected_output3] - AssertionE...
FAILED test_grau_1.py::test_grau_1[test_input4-expected_output4] - AssertionE...
FAILED test_grau_1.py::test_grau_1[test_input5-expected_output5] - AssertionE...
FAILED test_grau_2.py::test_grau_2_a_0[test_input0-expected_output0] - Assert...
FAILED test_grau_2.py::test_grau_2[test_input0-expected_output0] - AssertionE...
FAILED test_grau_2.py::test_grau_2[test_input1-expected_output1] - AssertionE...
FAILED test_grau_2.py::test_grau_2[test_input2-expected_output2] - AssertionE...
FAILED test_grau_2.py::test_grau_2[test_input3-expected_output3] - AssertionE...
FAILED test_grau_2.py::test_grau_2[test_input4-expected_output4] - AssertionE...
FAILED test_grau_2.py::test_grau_2[test_input5-expected_output5] - AssertionE...
FAILED test_grau_2.py::test_grau_2[test_input6-expected_output6] - AssertionE...
FAILED test_grau_invalido.py::test_grau_invalido[-1-Grau inv\xe1lido] - Asser...
FAILED test_grau_invalido.py::test_grau_invalido[-3-Grau inv\xe1lido] - Asser...
FAILED test_grau_invalido.py::test_grau_invalido[0-Grau inv\xe1lido] - Assert...
FAILED test_grau_invalido.py::test_grau_invalido[3-Grau inv\xe1lido] - Assert...
FAILED test_grau_invalido.py::test_grau_invalido[10-Grau inv\xe1lido] - Asser...
============================== 20 failed in 0.10s ==============================
